[2026-02-01T09:38:11.182+0000] {taskinstance.py:1956} INFO - Dependencies all met for dep_context=non-requeueable deps ti=<TaskInstance: weather_raw_ingestion.fetch_weather_data manual__2026-02-01T09:38:10.186594+00:00 [queued]>
[2026-02-01T09:38:11.191+0000] {taskinstance.py:1956} INFO - Dependencies all met for dep_context=requeueable deps ti=<TaskInstance: weather_raw_ingestion.fetch_weather_data manual__2026-02-01T09:38:10.186594+00:00 [queued]>
[2026-02-01T09:38:11.191+0000] {taskinstance.py:2170} INFO - Starting attempt 1 of 1
[2026-02-01T09:38:11.204+0000] {taskinstance.py:2191} INFO - Executing <Task(PythonOperator): fetch_weather_data> on 2026-02-01 09:38:10.186594+00:00
[2026-02-01T09:38:11.209+0000] {standard_task_runner.py:60} INFO - Started process 243 to run task
[2026-02-01T09:38:11.211+0000] {standard_task_runner.py:87} INFO - Running: ['***', 'tasks', 'run', 'weather_raw_ingestion', 'fetch_weather_data', 'manual__2026-02-01T09:38:10.186594+00:00', '--job-id', '176', '--raw', '--subdir', 'DAGS_FOLDER/weather_ingestion_dag.py', '--cfg-path', '/tmp/tmph2_uqnby']
[2026-02-01T09:38:11.213+0000] {standard_task_runner.py:88} INFO - Job 176: Subtask fetch_weather_data
[2026-02-01T09:38:11.269+0000] {task_command.py:423} INFO - Running <TaskInstance: weather_raw_ingestion.fetch_weather_data manual__2026-02-01T09:38:10.186594+00:00 [running]> on host 72cb3d8120fc
[2026-02-01T09:38:11.363+0000] {taskinstance.py:2480} INFO - Exporting env vars: AIRFLOW_CTX_DAG_OWNER='***' AIRFLOW_CTX_DAG_ID='weather_raw_ingestion' AIRFLOW_CTX_TASK_ID='fetch_weather_data' AIRFLOW_CTX_EXECUTION_DATE='2026-02-01T09:38:10.186594+00:00' AIRFLOW_CTX_TRY_NUMBER='1' AIRFLOW_CTX_DAG_RUN_ID='manual__2026-02-01T09:38:10.186594+00:00'
[2026-02-01T09:38:11.844+0000] {taskinstance.py:2698} ERROR - Task failed with exception
Traceback (most recent call last):
  File "/home/airflow/.local/lib/python3.8/site-packages/airflow/models/taskinstance.py", line 433, in _execute_task
    result = execute_callable(context=context, **execute_callable_kwargs)
  File "/home/airflow/.local/lib/python3.8/site-packages/airflow/operators/python.py", line 199, in execute
    return_value = self.execute_callable()
  File "/home/airflow/.local/lib/python3.8/site-packages/airflow/operators/python.py", line 216, in execute_callable
    return self.python_callable(*self.op_args, **self.op_kwargs)
  File "/opt/airflow/dags/weather_ingestion_dag.py", line 20, in ingest_weather_task
    transform_weather_raw_to_staging(raw_file_path = "docker/data_lake/raw/weather/dt=('2026-01-31',)/weather_amman.json",staging_base_path="test")
  File "/opt/airflow/src/processing/weather_staging.py", line 11, in transform_weather_raw_to_staging
    with open(raw_file_path,'r')as raw_file:
FileNotFoundError: [Errno 2] No such file or directory: "docker/data_lake/raw/weather/dt=('2026-01-31',)/weather_amman.json"
[2026-02-01T09:38:11.856+0000] {taskinstance.py:1138} INFO - Marking task as FAILED. dag_id=weather_raw_ingestion, task_id=fetch_weather_data, execution_date=20260201T093810, start_date=20260201T093811, end_date=20260201T093811
[2026-02-01T09:38:11.867+0000] {standard_task_runner.py:107} ERROR - Failed to execute job 176 for task fetch_weather_data ([Errno 2] No such file or directory: "docker/data_lake/raw/weather/dt=('2026-01-31',)/weather_amman.json"; 243)
[2026-02-01T09:38:11.905+0000] {local_task_job_runner.py:234} INFO - Task exited with return code 1
[2026-02-01T09:38:11.926+0000] {taskinstance.py:3280} INFO - 0 downstream tasks scheduled from follow-on schedule check
