[2026-01-30T19:11:55.417+0000] {taskinstance.py:1956} INFO - Dependencies all met for dep_context=non-requeueable deps ti=<TaskInstance: weather_raw_ingestion.fetch_weather_data scheduled__2026-01-29T00:00:00+00:00 [queued]>
[2026-01-30T19:11:55.430+0000] {taskinstance.py:1956} INFO - Dependencies all met for dep_context=requeueable deps ti=<TaskInstance: weather_raw_ingestion.fetch_weather_data scheduled__2026-01-29T00:00:00+00:00 [queued]>
[2026-01-30T19:11:55.430+0000] {taskinstance.py:2170} INFO - Starting attempt 1 of 1
[2026-01-30T19:11:55.447+0000] {taskinstance.py:2191} INFO - Executing <Task(PythonOperator): fetch_weather_data> on 2026-01-29 00:00:00+00:00
[2026-01-30T19:11:55.452+0000] {standard_task_runner.py:60} INFO - Started process 194 to run task
[2026-01-30T19:11:55.454+0000] {standard_task_runner.py:87} INFO - Running: ['***', 'tasks', 'run', 'weather_raw_ingestion', 'fetch_weather_data', 'scheduled__2026-01-29T00:00:00+00:00', '--job-id', '8', '--raw', '--subdir', 'DAGS_FOLDER/weather_ingestion_dag.py', '--cfg-path', '/tmp/tmpzmnea5t6']
[2026-01-30T19:11:55.456+0000] {standard_task_runner.py:88} INFO - Job 8: Subtask fetch_weather_data
[2026-01-30T19:11:55.525+0000] {task_command.py:423} INFO - Running <TaskInstance: weather_raw_ingestion.fetch_weather_data scheduled__2026-01-29T00:00:00+00:00 [running]> on host 4a633db32736
[2026-01-30T19:11:55.754+0000] {taskinstance.py:2480} INFO - Exporting env vars: AIRFLOW_CTX_DAG_OWNER='***' AIRFLOW_CTX_DAG_ID='weather_raw_ingestion' AIRFLOW_CTX_TASK_ID='fetch_weather_data' AIRFLOW_CTX_EXECUTION_DATE='2026-01-29T00:00:00+00:00' AIRFLOW_CTX_TRY_NUMBER='1' AIRFLOW_CTX_DAG_RUN_ID='scheduled__2026-01-29T00:00:00+00:00'
[2026-01-30T19:11:55.755+0000] {python.py:201} INFO - Done. Returned value was: None
[2026-01-30T19:11:55.777+0000] {taskinstance.py:1138} INFO - Marking task as SUCCESS. dag_id=weather_raw_ingestion, task_id=fetch_weather_data, execution_date=20260129T000000, start_date=20260130T191155, end_date=20260130T191155
[2026-01-30T19:11:55.826+0000] {local_task_job_runner.py:234} INFO - Task exited with return code 0
[2026-01-30T19:11:55.859+0000] {taskinstance.py:3280} INFO - 0 downstream tasks scheduled from follow-on schedule check
[2026-01-30T20:46:03.021+0000] {taskinstance.py:1956} INFO - Dependencies all met for dep_context=non-requeueable deps ti=<TaskInstance: weather_raw_ingestion.fetch_weather_data scheduled__2026-01-29T00:00:00+00:00 [queued]>
[2026-01-30T20:46:03.031+0000] {taskinstance.py:1956} INFO - Dependencies all met for dep_context=requeueable deps ti=<TaskInstance: weather_raw_ingestion.fetch_weather_data scheduled__2026-01-29T00:00:00+00:00 [queued]>
[2026-01-30T20:46:03.032+0000] {taskinstance.py:2170} INFO - Starting attempt 1 of 1
[2026-01-30T20:46:03.048+0000] {taskinstance.py:2191} INFO - Executing <Task(PythonOperator): fetch_weather_data> on 2026-01-29 00:00:00+00:00
[2026-01-30T20:46:03.054+0000] {standard_task_runner.py:60} INFO - Started process 175 to run task
[2026-01-30T20:46:03.057+0000] {standard_task_runner.py:87} INFO - Running: ['***', 'tasks', 'run', 'weather_raw_ingestion', 'fetch_weather_data', 'scheduled__2026-01-29T00:00:00+00:00', '--job-id', '5', '--raw', '--subdir', 'DAGS_FOLDER/weather_ingestion_dag.py', '--cfg-path', '/tmp/tmphzn5c3d8']
[2026-01-30T20:46:03.059+0000] {standard_task_runner.py:88} INFO - Job 5: Subtask fetch_weather_data
[2026-01-30T20:46:03.128+0000] {task_command.py:423} INFO - Running <TaskInstance: weather_raw_ingestion.fetch_weather_data scheduled__2026-01-29T00:00:00+00:00 [running]> on host 9edd0403868b
[2026-01-30T20:46:03.235+0000] {taskinstance.py:2480} INFO - Exporting env vars: AIRFLOW_CTX_DAG_OWNER='***' AIRFLOW_CTX_DAG_ID='weather_raw_ingestion' AIRFLOW_CTX_TASK_ID='fetch_weather_data' AIRFLOW_CTX_EXECUTION_DATE='2026-01-29T00:00:00+00:00' AIRFLOW_CTX_TRY_NUMBER='1' AIRFLOW_CTX_DAG_RUN_ID='scheduled__2026-01-29T00:00:00+00:00'
[2026-01-30T20:46:03.235+0000] {taskinstance.py:2698} ERROR - Task failed with exception
Traceback (most recent call last):
  File "/home/airflow/.local/lib/python3.8/site-packages/airflow/models/taskinstance.py", line 433, in _execute_task
    result = execute_callable(context=context, **execute_callable_kwargs)
  File "/home/airflow/.local/lib/python3.8/site-packages/airflow/operators/python.py", line 199, in execute
    return_value = self.execute_callable()
  File "/home/airflow/.local/lib/python3.8/site-packages/airflow/operators/python.py", line 216, in execute_callable
    return self.python_callable(*self.op_args, **self.op_kwargs)
  File "/opt/airflow/dags/weather_ingestion_dag.py", line 10, in ingest_weather_task
    data = fetch_weather(city="Amman")
  File "/opt/airflow/src/ingestion/weather_api.py", line 10, in fetch_weather
    "timestamp":datetime.utcnow().isofromat()
AttributeError: 'datetime.datetime' object has no attribute 'isofromat'
[2026-01-30T20:46:03.247+0000] {taskinstance.py:1138} INFO - Marking task as FAILED. dag_id=weather_raw_ingestion, task_id=fetch_weather_data, execution_date=20260129T000000, start_date=20260130T204603, end_date=20260130T204603
[2026-01-30T20:46:03.257+0000] {standard_task_runner.py:107} ERROR - Failed to execute job 5 for task fetch_weather_data ('datetime.datetime' object has no attribute 'isofromat'; 175)
[2026-01-30T20:46:03.269+0000] {local_task_job_runner.py:234} INFO - Task exited with return code 1
[2026-01-30T20:46:03.294+0000] {taskinstance.py:3280} INFO - 0 downstream tasks scheduled from follow-on schedule check
