[2026-02-02T14:06:01.057+0000] {taskinstance.py:1956} INFO - Dependencies all met for dep_context=non-requeueable deps ti=<TaskInstance: weather_raw_ingestion.fetch_weather_data scheduled__2026-02-02T14:05:00+00:00 [queued]>
[2026-02-02T14:06:01.063+0000] {taskinstance.py:1956} INFO - Dependencies all met for dep_context=requeueable deps ti=<TaskInstance: weather_raw_ingestion.fetch_weather_data scheduled__2026-02-02T14:05:00+00:00 [queued]>
[2026-02-02T14:06:01.063+0000] {taskinstance.py:2170} INFO - Starting attempt 1 of 1
[2026-02-02T14:06:01.074+0000] {taskinstance.py:2191} INFO - Executing <Task(PythonOperator): fetch_weather_data> on 2026-02-02 14:05:00+00:00
[2026-02-02T14:06:01.078+0000] {standard_task_runner.py:60} INFO - Started process 251 to run task
[2026-02-02T14:06:01.080+0000] {standard_task_runner.py:87} INFO - Running: ['***', 'tasks', 'run', 'weather_raw_ingestion', 'fetch_weather_data', 'scheduled__2026-02-02T14:05:00+00:00', '--job-id', '947', '--raw', '--subdir', 'DAGS_FOLDER/weather_ingestion_dag.py', '--cfg-path', '/tmp/tmpi0cdr6ic']
[2026-02-02T14:06:01.081+0000] {standard_task_runner.py:88} INFO - Job 947: Subtask fetch_weather_data
[2026-02-02T14:06:01.127+0000] {task_command.py:423} INFO - Running <TaskInstance: weather_raw_ingestion.fetch_weather_data scheduled__2026-02-02T14:05:00+00:00 [running]> on host 13fc012c4c61
[2026-02-02T14:06:01.212+0000] {taskinstance.py:2480} INFO - Exporting env vars: AIRFLOW_CTX_DAG_OWNER='***' AIRFLOW_CTX_DAG_ID='weather_raw_ingestion' AIRFLOW_CTX_TASK_ID='fetch_weather_data' AIRFLOW_CTX_EXECUTION_DATE='2026-02-02T14:05:00+00:00' AIRFLOW_CTX_TRY_NUMBER='1' AIRFLOW_CTX_DAG_RUN_ID='scheduled__2026-02-02T14:05:00+00:00'
[2026-02-02T14:06:01.849+0000] {taskinstance.py:2698} ERROR - Task failed with exception
Traceback (most recent call last):
  File "/home/airflow/.local/lib/python3.8/site-packages/airflow/models/taskinstance.py", line 433, in _execute_task
    result = execute_callable(context=context, **execute_callable_kwargs)
  File "/home/airflow/.local/lib/python3.8/site-packages/airflow/operators/python.py", line 199, in execute
    return_value = self.execute_callable()
  File "/home/airflow/.local/lib/python3.8/site-packages/airflow/operators/python.py", line 216, in execute_callable
    return self.python_callable(*self.op_args, **self.op_kwargs)
  File "/opt/airflow/dags/weather_ingestion_dag.py", line 19, in ingest_weather_task
    raw_path = RAW_DIR /f"dt{ds}"/weather.json
NameError: name 'weather' is not defined
[2026-02-02T14:06:01.892+0000] {taskinstance.py:1138} INFO - Marking task as FAILED. dag_id=weather_raw_ingestion, task_id=fetch_weather_data, execution_date=20260202T140500, start_date=20260202T140601, end_date=20260202T140601
[2026-02-02T14:06:01.930+0000] {standard_task_runner.py:107} ERROR - Failed to execute job 947 for task fetch_weather_data (name 'weather' is not defined; 251)
[2026-02-02T14:06:01.976+0000] {local_task_job_runner.py:234} INFO - Task exited with return code 1
[2026-02-02T14:06:01.994+0000] {taskinstance.py:3280} INFO - 0 downstream tasks scheduled from follow-on schedule check
