[2026-02-02T14:06:43.393+0000] {taskinstance.py:1956} INFO - Dependencies all met for dep_context=non-requeueable deps ti=<TaskInstance: weather_raw_ingestion.fetch_weather_data manual__2026-02-02T14:06:42.398258+00:00 [queued]>
[2026-02-02T14:06:43.403+0000] {taskinstance.py:1956} INFO - Dependencies all met for dep_context=requeueable deps ti=<TaskInstance: weather_raw_ingestion.fetch_weather_data manual__2026-02-02T14:06:42.398258+00:00 [queued]>
[2026-02-02T14:06:43.404+0000] {taskinstance.py:2170} INFO - Starting attempt 1 of 1
[2026-02-02T14:06:43.418+0000] {taskinstance.py:2191} INFO - Executing <Task(PythonOperator): fetch_weather_data> on 2026-02-02 14:06:42.398258+00:00
[2026-02-02T14:06:43.423+0000] {standard_task_runner.py:60} INFO - Started process 263 to run task
[2026-02-02T14:06:43.426+0000] {standard_task_runner.py:87} INFO - Running: ['***', 'tasks', 'run', 'weather_raw_ingestion', 'fetch_weather_data', 'manual__2026-02-02T14:06:42.398258+00:00', '--job-id', '948', '--raw', '--subdir', 'DAGS_FOLDER/weather_ingestion_dag.py', '--cfg-path', '/tmp/tmp67tt_tfb']
[2026-02-02T14:06:43.428+0000] {standard_task_runner.py:88} INFO - Job 948: Subtask fetch_weather_data
[2026-02-02T14:06:43.487+0000] {task_command.py:423} INFO - Running <TaskInstance: weather_raw_ingestion.fetch_weather_data manual__2026-02-02T14:06:42.398258+00:00 [running]> on host 13fc012c4c61
[2026-02-02T14:06:43.597+0000] {taskinstance.py:2480} INFO - Exporting env vars: AIRFLOW_CTX_DAG_OWNER='***' AIRFLOW_CTX_DAG_ID='weather_raw_ingestion' AIRFLOW_CTX_TASK_ID='fetch_weather_data' AIRFLOW_CTX_EXECUTION_DATE='2026-02-02T14:06:42.398258+00:00' AIRFLOW_CTX_TRY_NUMBER='1' AIRFLOW_CTX_DAG_RUN_ID='manual__2026-02-02T14:06:42.398258+00:00'
[2026-02-02T14:06:47.229+0000] {taskinstance.py:2698} ERROR - Task failed with exception
Traceback (most recent call last):
  File "/home/airflow/.local/lib/python3.8/site-packages/airflow/models/taskinstance.py", line 433, in _execute_task
    result = execute_callable(context=context, **execute_callable_kwargs)
  File "/home/airflow/.local/lib/python3.8/site-packages/airflow/operators/python.py", line 199, in execute
    return_value = self.execute_callable()
  File "/home/airflow/.local/lib/python3.8/site-packages/airflow/operators/python.py", line 216, in execute_callable
    return self.python_callable(*self.op_args, **self.op_kwargs)
  File "/opt/airflow/dags/weather_ingestion_dag.py", line 19, in ingest_weather_task
    raw_path = RAW_DIR /f"dt{ds}"/weather.json
NameError: name 'weather' is not defined
[2026-02-02T14:06:47.243+0000] {taskinstance.py:1138} INFO - Marking task as FAILED. dag_id=weather_raw_ingestion, task_id=fetch_weather_data, execution_date=20260202T140642, start_date=20260202T140643, end_date=20260202T140647
[2026-02-02T14:06:47.254+0000] {standard_task_runner.py:107} ERROR - Failed to execute job 948 for task fetch_weather_data (name 'weather' is not defined; 263)
[2026-02-02T14:06:47.293+0000] {local_task_job_runner.py:234} INFO - Task exited with return code 1
[2026-02-02T14:06:47.314+0000] {taskinstance.py:3280} INFO - 0 downstream tasks scheduled from follow-on schedule check
