[2026-01-30T20:47:29.927+0000] {taskinstance.py:1956} INFO - Dependencies all met for dep_context=non-requeueable deps ti=<TaskInstance: weather_raw_ingestion.fetch_weather_data manual__2026-01-30T20:47:29.077679+00:00 [queued]>
[2026-01-30T20:47:29.937+0000] {taskinstance.py:1956} INFO - Dependencies all met for dep_context=requeueable deps ti=<TaskInstance: weather_raw_ingestion.fetch_weather_data manual__2026-01-30T20:47:29.077679+00:00 [queued]>
[2026-01-30T20:47:29.937+0000] {taskinstance.py:2170} INFO - Starting attempt 1 of 1
[2026-01-30T20:47:29.949+0000] {taskinstance.py:2191} INFO - Executing <Task(PythonOperator): fetch_weather_data> on 2026-01-30 20:47:29.077679+00:00
[2026-01-30T20:47:29.954+0000] {standard_task_runner.py:60} INFO - Started process 194 to run task
[2026-01-30T20:47:29.956+0000] {standard_task_runner.py:87} INFO - Running: ['***', 'tasks', 'run', 'weather_raw_ingestion', 'fetch_weather_data', 'manual__2026-01-30T20:47:29.077679+00:00', '--job-id', '7', '--raw', '--subdir', 'DAGS_FOLDER/weather_ingestion_dag.py', '--cfg-path', '/tmp/tmpekpf98o8']
[2026-01-30T20:47:29.958+0000] {standard_task_runner.py:88} INFO - Job 7: Subtask fetch_weather_data
[2026-01-30T20:47:30.013+0000] {task_command.py:423} INFO - Running <TaskInstance: weather_raw_ingestion.fetch_weather_data manual__2026-01-30T20:47:29.077679+00:00 [running]> on host 9edd0403868b
[2026-01-30T20:47:30.101+0000] {taskinstance.py:2480} INFO - Exporting env vars: AIRFLOW_CTX_DAG_OWNER='***' AIRFLOW_CTX_DAG_ID='weather_raw_ingestion' AIRFLOW_CTX_TASK_ID='fetch_weather_data' AIRFLOW_CTX_EXECUTION_DATE='2026-01-30T20:47:29.077679+00:00' AIRFLOW_CTX_TRY_NUMBER='1' AIRFLOW_CTX_DAG_RUN_ID='manual__2026-01-30T20:47:29.077679+00:00'
[2026-01-30T20:47:30.102+0000] {taskinstance.py:2698} ERROR - Task failed with exception
Traceback (most recent call last):
  File "/home/airflow/.local/lib/python3.8/site-packages/airflow/models/taskinstance.py", line 433, in _execute_task
    result = execute_callable(context=context, **execute_callable_kwargs)
  File "/home/airflow/.local/lib/python3.8/site-packages/airflow/operators/python.py", line 199, in execute
    return_value = self.execute_callable()
  File "/home/airflow/.local/lib/python3.8/site-packages/airflow/operators/python.py", line 216, in execute_callable
    return self.python_callable(*self.op_args, **self.op_kwargs)
  File "/opt/airflow/dags/weather_ingestion_dag.py", line 10, in ingest_weather_task
    data = fetch_weather(city="Amman")
  File "/opt/airflow/src/ingestion/weather_api.py", line 10, in fetch_weather
    "timestamp":datetime.utcnow().isofromat()
AttributeError: 'datetime.datetime' object has no attribute 'isofromat'
[2026-01-30T20:47:30.112+0000] {taskinstance.py:1138} INFO - Marking task as FAILED. dag_id=weather_raw_ingestion, task_id=fetch_weather_data, execution_date=20260130T204729, start_date=20260130T204729, end_date=20260130T204730
[2026-01-30T20:47:30.122+0000] {standard_task_runner.py:107} ERROR - Failed to execute job 7 for task fetch_weather_data ('datetime.datetime' object has no attribute 'isofromat'; 194)
[2026-01-30T20:47:30.128+0000] {local_task_job_runner.py:234} INFO - Task exited with return code 1
[2026-01-30T20:47:30.148+0000] {taskinstance.py:3280} INFO - 0 downstream tasks scheduled from follow-on schedule check
