[2026-02-02T14:11:00.558+0000] {taskinstance.py:1956} INFO - Dependencies all met for dep_context=non-requeueable deps ti=<TaskInstance: weather_raw_ingestion.fetch_weather_data scheduled__2026-02-02T14:10:00+00:00 [queued]>
[2026-02-02T14:11:00.572+0000] {taskinstance.py:1956} INFO - Dependencies all met for dep_context=requeueable deps ti=<TaskInstance: weather_raw_ingestion.fetch_weather_data scheduled__2026-02-02T14:10:00+00:00 [queued]>
[2026-02-02T14:11:00.572+0000] {taskinstance.py:2170} INFO - Starting attempt 1 of 1
[2026-02-02T14:11:00.594+0000] {taskinstance.py:2191} INFO - Executing <Task(PythonOperator): fetch_weather_data> on 2026-02-02 14:10:00+00:00
[2026-02-02T14:11:00.601+0000] {standard_task_runner.py:60} INFO - Started process 320 to run task
[2026-02-02T14:11:00.605+0000] {standard_task_runner.py:87} INFO - Running: ['***', 'tasks', 'run', 'weather_raw_ingestion', 'fetch_weather_data', 'scheduled__2026-02-02T14:10:00+00:00', '--job-id', '954', '--raw', '--subdir', 'DAGS_FOLDER/weather_ingestion_dag.py', '--cfg-path', '/tmp/tmpuu_6b7zh']
[2026-02-02T14:11:00.607+0000] {standard_task_runner.py:88} INFO - Job 954: Subtask fetch_weather_data
[2026-02-02T14:11:00.708+0000] {task_command.py:423} INFO - Running <TaskInstance: weather_raw_ingestion.fetch_weather_data scheduled__2026-02-02T14:10:00+00:00 [running]> on host 13fc012c4c61
[2026-02-02T14:11:00.877+0000] {taskinstance.py:2480} INFO - Exporting env vars: AIRFLOW_CTX_DAG_OWNER='***' AIRFLOW_CTX_DAG_ID='weather_raw_ingestion' AIRFLOW_CTX_TASK_ID='fetch_weather_data' AIRFLOW_CTX_EXECUTION_DATE='2026-02-02T14:10:00+00:00' AIRFLOW_CTX_TRY_NUMBER='1' AIRFLOW_CTX_DAG_RUN_ID='scheduled__2026-02-02T14:10:00+00:00'
[2026-02-02T14:11:01.211+0000] {taskinstance.py:2698} ERROR - Task failed with exception
Traceback (most recent call last):
  File "/home/airflow/.local/lib/python3.8/site-packages/airflow/models/taskinstance.py", line 433, in _execute_task
    result = execute_callable(context=context, **execute_callable_kwargs)
  File "/home/airflow/.local/lib/python3.8/site-packages/airflow/operators/python.py", line 199, in execute
    return_value = self.execute_callable()
  File "/home/airflow/.local/lib/python3.8/site-packages/airflow/operators/python.py", line 216, in execute_callable
    return self.python_callable(*self.op_args, **self.op_kwargs)
  File "/opt/airflow/dags/weather_ingestion_dag.py", line 22, in ingest_weather_task
    with open(raw_path,"w") as file:
FileNotFoundError: [Errno 2] No such file or directory: 'docker/data_lake/raw/dt2026-02-02/weather.json'
[2026-02-02T14:11:01.230+0000] {taskinstance.py:1138} INFO - Marking task as FAILED. dag_id=weather_raw_ingestion, task_id=fetch_weather_data, execution_date=20260202T141000, start_date=20260202T141100, end_date=20260202T141101
[2026-02-02T14:11:01.246+0000] {standard_task_runner.py:107} ERROR - Failed to execute job 954 for task fetch_weather_data ([Errno 2] No such file or directory: 'docker/data_lake/raw/dt2026-02-02/weather.json'; 320)
[2026-02-02T14:11:01.258+0000] {local_task_job_runner.py:234} INFO - Task exited with return code 1
[2026-02-02T14:11:01.286+0000] {taskinstance.py:3280} INFO - 0 downstream tasks scheduled from follow-on schedule check
