[2026-02-02T14:08:07.587+0000] {taskinstance.py:1956} INFO - Dependencies all met for dep_context=non-requeueable deps ti=<TaskInstance: weather_raw_ingestion.fetch_weather_data manual__2026-02-02T14:08:07.120775+00:00 [queued]>
[2026-02-02T14:08:07.598+0000] {taskinstance.py:1956} INFO - Dependencies all met for dep_context=requeueable deps ti=<TaskInstance: weather_raw_ingestion.fetch_weather_data manual__2026-02-02T14:08:07.120775+00:00 [queued]>
[2026-02-02T14:08:07.598+0000] {taskinstance.py:2170} INFO - Starting attempt 1 of 1
[2026-02-02T14:08:07.616+0000] {taskinstance.py:2191} INFO - Executing <Task(PythonOperator): fetch_weather_data> on 2026-02-02 14:08:07.120775+00:00
[2026-02-02T14:08:07.623+0000] {standard_task_runner.py:60} INFO - Started process 289 to run task
[2026-02-02T14:08:07.626+0000] {standard_task_runner.py:87} INFO - Running: ['***', 'tasks', 'run', 'weather_raw_ingestion', 'fetch_weather_data', 'manual__2026-02-02T14:08:07.120775+00:00', '--job-id', '951', '--raw', '--subdir', 'DAGS_FOLDER/weather_ingestion_dag.py', '--cfg-path', '/tmp/tmpvozqksgc']
[2026-02-02T14:08:07.628+0000] {standard_task_runner.py:88} INFO - Job 951: Subtask fetch_weather_data
[2026-02-02T14:08:07.697+0000] {task_command.py:423} INFO - Running <TaskInstance: weather_raw_ingestion.fetch_weather_data manual__2026-02-02T14:08:07.120775+00:00 [running]> on host 13fc012c4c61
[2026-02-02T14:08:07.822+0000] {taskinstance.py:2480} INFO - Exporting env vars: AIRFLOW_CTX_DAG_OWNER='***' AIRFLOW_CTX_DAG_ID='weather_raw_ingestion' AIRFLOW_CTX_TASK_ID='fetch_weather_data' AIRFLOW_CTX_EXECUTION_DATE='2026-02-02T14:08:07.120775+00:00' AIRFLOW_CTX_TRY_NUMBER='1' AIRFLOW_CTX_DAG_RUN_ID='manual__2026-02-02T14:08:07.120775+00:00'
[2026-02-02T14:08:08.153+0000] {taskinstance.py:2698} ERROR - Task failed with exception
Traceback (most recent call last):
  File "/home/airflow/.local/lib/python3.8/site-packages/airflow/models/taskinstance.py", line 433, in _execute_task
    result = execute_callable(context=context, **execute_callable_kwargs)
  File "/home/airflow/.local/lib/python3.8/site-packages/airflow/operators/python.py", line 199, in execute
    return_value = self.execute_callable()
  File "/home/airflow/.local/lib/python3.8/site-packages/airflow/operators/python.py", line 216, in execute_callable
    return self.python_callable(*self.op_args, **self.op_kwargs)
  File "/opt/airflow/dags/weather_ingestion_dag.py", line 22, in ingest_weather_task
    with open(raw_path,"w") as file:
FileNotFoundError: [Errno 2] No such file or directory: 'docker/data_lake/raw/dt2026-02-02/weather.json'
[2026-02-02T14:08:08.171+0000] {taskinstance.py:1138} INFO - Marking task as FAILED. dag_id=weather_raw_ingestion, task_id=fetch_weather_data, execution_date=20260202T140807, start_date=20260202T140807, end_date=20260202T140808
[2026-02-02T14:08:08.190+0000] {standard_task_runner.py:107} ERROR - Failed to execute job 951 for task fetch_weather_data ([Errno 2] No such file or directory: 'docker/data_lake/raw/dt2026-02-02/weather.json'; 289)
[2026-02-02T14:08:08.240+0000] {local_task_job_runner.py:234} INFO - Task exited with return code 1
[2026-02-02T14:08:08.271+0000] {taskinstance.py:3280} INFO - 0 downstream tasks scheduled from follow-on schedule check
